"QUERY PLAN"
"Sort  (cost=44883.85..44883.87 rows=9 width=14) (actual time=228.057..250.691 rows=53 loops=1)"
"  Sort Key: ac.first_name, ac.last_name"
"  Sort Method: quicksort  Memory: 27kB"
"  ->  Nested Loop  (cost=44808.02..44883.71 rows=9 width=14) (actual time=227.785..250.603 rows=53 loops=1)"
"        ->  Unique  (cost=44807.59..44807.64 rows=9 width=4) (actual time=227.765..250.406 rows=53 loops=1)"
"              ->  Sort  (cost=44807.59..44807.61 rows=9 width=4) (actual time=227.765..250.399 rows=53 loops=1)"
"                    Sort Key: rc.actor_id"
"                    Sort Method: quicksort  Memory: 27kB"
"                    ->  Gather  (cost=6725.93..44807.45 rows=9 width=4) (actual time=48.396..250.342 rows=53 loops=1)"
"                          Workers Planned: 2"
"                          Workers Launched: 2"
"                          ->  Parallel Hash Join  (cost=5725.93..43806.55 rows=4 width=4) (actual time=31.086..204.547 rows=18 loops=3)"
"                                Hash Cond: (rc.movie_id = movies.id)"
"                                ->  Parallel Seq Scan on roles rc  (cost=0.00..34326.86 rows=1429986 width=8) (actual time=0.705..89.818 rows=1143989 loops=3)"
"                                ->  Parallel Hash  (cost=5725.92..5725.92 rows=1 width=4) (actual time=17.846..17.846 rows=0 loops=3)"
"                                      Buckets: 1024  Batches: 1  Memory Usage: 40kB"
"                                      ->  Parallel Seq Scan on movies  (cost=0.00..5725.92 rows=1 width=4) (actual time=15.369..17.797 rows=0 loops=3)"
"                                            Filter: ((name)::text = 'Rush Hour'::text)"
"                                            Rows Removed by Filter: 129423"
"        ->  Index Scan using actors_pkey on actors ac  (cost=0.42..8.44 rows=1 width=18) (actual time=0.003..0.003 rows=1 loops=53)"
"              Index Cond: (id = rc.actor_id)"
"Planning Time: 1.303 ms"
"Execution Time: 250.752 ms"
