"QUERY PLAN"
"SetOp Intersect  (cost=434362.59..436124.08 rows=81772 width=440) (actual time=4311.321..4740.892 rows=3551 loops=1)"
"  ->  Sort  (cost=434362.59..434949.75 rows=234866 width=440) (actual time=4311.293..4692.090 rows=362653 loops=1)"
"        Sort Key: ""*SELECT* 1"".first_name, ""*SELECT* 1"".last_name"
"        Sort Method: external merge  Disk: 10912kB"
"        ->  Append  (cost=107861.77..320289.80 rows=234866 width=440) (actual time=1001.084..2994.809 rows=362653 loops=1)"
"              ->  Subquery Scan on ""*SELECT* 1""  (cost=107861.77..134709.80 rows=117433 width=18) (actual time=1001.083..1470.392 rows=263628 loops=1)"
"                    ->  Hash Join  (cost=107861.77..133535.47 rows=117433 width=14) (actual time=1001.082..1456.269 rows=263628 loops=1)"
"                          Hash Cond: (actors.id = roles.actor_id)"
"                          ->  Seq Scan on actors  (cost=0.00..13484.18 rows=817718 width=18) (actual time=0.061..82.441 rows=817718 loops=1)"
"                          ->  Hash  (cost=105934.85..105934.85 rows=117433 width=4) (actual time=1000.202..1000.205 rows=263628 loops=1)"
"                                Buckets: 131072 (originally 131072)  Batches: 4 (originally 2)  Memory Usage: 3338kB"
"                                ->  HashAggregate  (cost=99553.68..104760.52 rows=117433 width=4) (actual time=847.003..962.964 rows=263628 loops=1)"
"                                      Group Key: roles.actor_id"
"                                      Planned Partitions: 4  Batches: 21  Memory Usage: 5433kB  Disk Usage: 11600kB"
"                                      ->  Hash Join  (cost=8454.30..71809.97 rows=516162 width=4) (actual time=43.778..725.640 rows=549736 loops=1)"
"                                            Hash Cond: (roles.movie_id = movies.id)"
"                                            ->  Seq Scan on roles  (cost=0.00..54346.66 rows=3431966 width=8) (actual time=0.023..215.938 rows=3431966 loops=1)"
"                                            ->  Hash  (cost=7724.36..7724.36 rows=58395 width=4) (actual time=43.629..43.629 rows=57649 loops=1)"
"                                                  Buckets: 65536  Batches: 1  Memory Usage: 2539kB"
"                                                  ->  Seq Scan on movies  (cost=0.00..7724.36 rows=58395 width=4) (actual time=0.011..35.243 rows=57649 loops=1)"
"                                                        Filter: (year >= 2000)"
"                                                        Rows Removed by Filter: 330620"
"              ->  Subquery Scan on ""*SELECT* 2""  (cost=157557.64..184405.67 rows=117433 width=18) (actual time=1176.982..1511.230 rows=99025 loops=1)"
"                    ->  Hash Join  (cost=157557.64..183231.34 rows=117433 width=14) (actual time=1176.981..1505.851 rows=99025 loops=1)"
"                          Hash Cond: (actors_1.id = roles_1.actor_id)"
"                          ->  Seq Scan on actors actors_1  (cost=0.00..13484.18 rows=817718 width=18) (actual time=0.042..83.521 rows=817718 loops=1)"
"                          ->  Hash  (cost=155630.73..155630.73 rows=117433 width=4) (actual time=1176.539..1176.540 rows=99025 loops=1)"
"                                Buckets: 131072  Batches: 2  Memory Usage: 2772kB"
"                                ->  HashAggregate  (cost=146506.24..154456.40 rows=117433 width=4) (actual time=1125.523..1159.854 rows=99025 loops=1)"
"                                      Group Key: roles_1.actor_id"
"                                      Planned Partitions: 4  Batches: 5  Memory Usage: 4145kB  Disk Usage: 6992kB"
"                                      ->  Hash Join  (cost=9334.88..99888.55 rows=867306 width=4) (actual time=39.253..1026.878 rows=715401 loops=1)"
"                                            Hash Cond: (roles_1.movie_id = movies_1.id)"
"                                            ->  Seq Scan on roles roles_1  (cost=0.00..54346.66 rows=3431966 width=8) (actual time=0.018..306.123 rows=3431966 loops=1)"
"                                            ->  Hash  (cost=7724.36..7724.36 rows=98121 width=4) (actual time=38.779..38.780 rows=98341 loops=1)"
"                                                  Buckets: 131072  Batches: 2  Memory Usage: 2759kB"
"                                                  ->  Seq Scan on movies movies_1  (cost=0.00..7724.36 rows=98121 width=4) (actual time=0.008..26.587 rows=98341 loops=1)"
"                                                        Filter: (year <= 1950)"
"                                                        Rows Removed by Filter: 289928"
"Planning Time: 1.411 ms"
"Execution Time: 4772.872 ms"
