"QUERY PLAN"
"Nested Loop  (cost=38906.45..39176.58 rows=32 width=19) (actual time=347.704..366.453 rows=1 loops=1)"
"  ->  Unique  (cost=38906.02..38906.18 rows=32 width=4) (actual time=347.657..366.404 rows=1 loops=1)"
"        ->  Sort  (cost=38906.02..38906.10 rows=32 width=4) (actual time=347.656..366.401 rows=2 loops=1)"
"              Sort Key: roles.movie_id"
"              Sort Method: quicksort  Memory: 25kB"
"              ->  Gather  (cost=38901.86..38905.22 rows=32 width=4) (actual time=347.514..366.386 rows=2 loops=1)"
"                    Workers Planned: 2"
"                    Workers Launched: 2"
"                    ->  HashAggregate  (cost=37901.86..37902.02 rows=16 width=4) (actual time=312.282..312.283 rows=1 loops=3)"
"                          Group Key: roles.movie_id"
"                          Batches: 1  Memory Usage: 24kB"
"                          Worker 0:  Batches: 1  Memory Usage: 24kB"
"                          Worker 1:  Batches: 1  Memory Usage: 24kB"
"                          ->  Parallel Seq Scan on roles  (cost=0.00..37901.82 rows=16 width=4) (actual time=201.315..312.268 rows=1 loops=3)"
"                                Filter: ((role)::text = 'painter'::text)"
"                                Rows Removed by Filter: 1143988"
"  ->  Index Scan using movies_pkey on movies  (cost=0.42..8.44 rows=1 width=23) (actual time=0.042..0.042 rows=1 loops=1)"
"        Index Cond: (id = roles.movie_id)"
"Planning Time: 0.775 ms"
"Execution Time: 366.578 ms"
