"QUERY PLAN"
"Gather  (cost=1000.00..10570.45 rows=45 width=18) (actual time=0.490..135.083 rows=752 loops=1)"
"  Workers Planned: 2"
"  Workers Launched: 2"
"  ->  Parallel Seq Scan on actors  (cost=0.00..9565.95 rows=19 width=18) (actual time=0.511..80.771 rows=251 loops=3)"
"        Filter: ((first_name)::text = 'Luis'::text)"
"        Rows Removed by Filter: 272322"
"Planning Time: 0.208 ms"
"Execution Time: 135.193 ms"
