"QUERY PLAN"
"Sort  (cost=39482.84..39482.98 rows=55 width=14) (actual time=411.025..426.034 rows=341 loops=1)"
"  Sort Key: dc.first_name, dc.last_name"
"  Sort Method: quicksort  Memory: 44kB"
"  ->  Nested Loop  (cost=39051.67..39481.25 rows=55 width=14) (actual time=408.497..425.086 rows=341 loops=1)"
"        ->  Unique  (cost=39051.37..39051.65 rows=55 width=4) (actual time=408.462..423.580 rows=341 loops=1)"
"              ->  Sort  (cost=39051.37..39051.51 rows=55 width=4) (actual time=408.462..423.491 rows=434 loops=1)"
"                    Sort Key: md.director_id"
"                    Sort Method: quicksort  Memory: 25kB"
"                    ->  Nested Loop  (cost=38906.45..39049.78 rows=55 width=4) (actual time=405.318..423.348 rows=434 loops=1)"
"                          ->  Unique  (cost=38906.02..38906.18 rows=32 width=4) (actual time=405.275..420.540 rows=409 loops=1)"
"                                ->  Sort  (cost=38906.02..38906.10 rows=32 width=4) (actual time=405.272..420.334 rows=621 loops=1)"
"                                      Sort Key: roles.movie_id"
"                                      Sort Method: quicksort  Memory: 25kB"
"                                      ->  Gather  (cost=38901.86..38905.22 rows=32 width=4) (actual time=404.760..420.129 rows=621 loops=1)"
"                                            Workers Planned: 2"
"                                            Workers Launched: 2"
"                                            ->  HashAggregate  (cost=37901.86..37902.02 rows=16 width=4) (actual time=371.307..371.363 rows=207 loops=3)"
"                                                  Group Key: roles.movie_id"
"                                                  Batches: 1  Memory Usage: 56kB"
"                                                  Worker 0:  Batches: 1  Memory Usage: 56kB"
"                                                  Worker 1:  Batches: 1  Memory Usage: 56kB"
"                                                  ->  Parallel Seq Scan on roles  (cost=0.00..37901.82 rows=16 width=4) (actual time=1.121..370.384 rows=312 loops=3)"
"                                                        Filter: ((role)::text = 'Musician'::text)"
"                                                        Rows Removed by Filter: 1143677"
"                          ->  Index Only Scan using movies_directors_pkey on movies_directors md  (cost=0.42..4.46 rows=2 width=8) (actual time=0.006..0.006 rows=1 loops=409)"
"                                Index Cond: (movie_id = roles.movie_id)"
"                                Heap Fetches: 0"
"        ->  Index Scan using directors_pkey on directors dc  (cost=0.29..7.80 rows=1 width=18) (actual time=0.004..0.004 rows=1 loops=341)"
"              Index Cond: (id = md.director_id)"
"Planning Time: 0.342 ms"
"Execution Time: 426.115 ms"
