"QUERY PLAN"
"SetOp Intersect  (cost=428375.85..430137.35 rows=81772 width=440) (actual time=4266.559..4688.046 rows=3551 loops=1)"
"  ->  Sort  (cost=428375.85..428963.02 rows=234866 width=440) (actual time=4266.531..4639.976 rows=362653 loops=1)"
"        Sort Key: ""*SELECT* 1"".first_name, ""*SELECT* 1"".last_name"
"        Sort Method: external merge  Disk: 10912kB"
"        ->  Append  (cost=104397.61..314303.07 rows=234866 width=440) (actual time=997.816..2916.238 rows=362653 loops=1)"
"              ->  Subquery Scan on ""*SELECT* 1""  (cost=104397.61..131245.64 rows=117433 width=18) (actual time=997.815..1420.376 rows=263628 loops=1)"
"                    ->  Hash Join  (cost=104397.61..130071.31 rows=117433 width=14) (actual time=997.815..1406.434 rows=263628 loops=1)"
"                          Hash Cond: (actors.id = roles.actor_id)"
"                          ->  Seq Scan on actors  (cost=0.00..13484.18 rows=817718 width=18) (actual time=0.076..80.937 rows=817718 loops=1)"
"                          ->  Hash  (cost=102470.70..102470.70 rows=117433 width=4) (actual time=997.047..997.050 rows=263628 loops=1)"
"                                Buckets: 131072 (originally 131072)  Batches: 4 (originally 2)  Memory Usage: 3338kB"
"                                ->  HashAggregate  (cost=96089.25..101296.37 rows=117433 width=4) (actual time=833.130..952.049 rows=263628 loops=1)"
"                                      Group Key: roles.actor_id"
"                                      Planned Partitions: 4  Batches: 21  Memory Usage: 5433kB  Disk Usage: 11600kB"
"                                      ->  Hash Join  (cost=4987.99..68343.66 rows=516197 width=4) (actual time=24.020..719.058 rows=549736 loops=1)"
"                                            Hash Cond: (roles.movie_id = movies.id)"
"                                            ->  Seq Scan on roles  (cost=0.00..54346.66 rows=3431966 width=8) (actual time=0.017..210.994 rows=3431966 loops=1)"
"                                            ->  Hash  (cost=4258.00..4258.00 rows=58399 width=4) (actual time=23.871..23.872 rows=57649 loops=1)"
"                                                  Buckets: 65536  Batches: 1  Memory Usage: 2539kB"
"                                                  ->  Bitmap Heap Scan on movies  (cost=657.01..4258.00 rows=58399 width=4) (actual time=2.178..14.236 rows=57649 loops=1)"
"                                                        Recheck Cond: (year >= 2000)"
"                                                        Heap Blocks: exact=2870"
"                                                        ->  Bitmap Index Scan on movies_year  (cost=0.00..642.42 rows=58399 width=0) (actual time=1.930..1.930 rows=57649 loops=1)"
"                                                              Index Cond: (year >= 2000)"
"              ->  Subquery Scan on ""*SELECT* 2""  (cost=155035.07..181883.10 rows=117433 width=18) (actual time=1125.130..1483.323 rows=99025 loops=1)"
"                    ->  Hash Join  (cost=155035.07..180708.77 rows=117433 width=14) (actual time=1125.129..1478.029 rows=99025 loops=1)"
"                          Hash Cond: (actors_1.id = roles_1.actor_id)"
"                          ->  Seq Scan on actors actors_1  (cost=0.00..13484.18 rows=817718 width=18) (actual time=0.032..81.089 rows=817718 loops=1)"
"                          ->  Hash  (cost=153108.15..153108.15 rows=117433 width=4) (actual time=1124.608..1124.610 rows=99025 loops=1)"
"                                Buckets: 131072  Batches: 2  Memory Usage: 2772kB"
"                                ->  HashAggregate  (cost=143983.74..151933.82 rows=117433 width=4) (actual time=1082.406..1112.140 rows=99025 loops=1)"
"                                      Group Key: roles_1.actor_id"
"                                      Planned Partitions: 4  Batches: 5  Memory Usage: 4145kB  Disk Usage: 6992kB"
"                                      ->  Hash Join  (cost=6812.85..97366.52 rows=867297 width=4) (actual time=24.720..986.495 rows=715401 loops=1)"
"                                            Hash Cond: (roles_1.movie_id = movies_1.id)"
"                                            ->  Seq Scan on roles roles_1  (cost=0.00..54346.66 rows=3431966 width=8) (actual time=0.016..297.307 rows=3431966 loops=1)"
"                                            ->  Hash  (cost=5202.35..5202.35 rows=98120 width=4) (actual time=24.305..24.306 rows=98341 loops=1)"
"                                                  Buckets: 131072  Batches: 2  Memory Usage: 2759kB"
"                                                  ->  Bitmap Heap Scan on movies movies_1  (cost=1104.85..5202.35 rows=98120 width=4) (actual time=3.303..13.685 rows=98341 loops=1)"
"                                                        Recheck Cond: (year <= 1950)"
"                                                        Heap Blocks: exact=2810"
"                                                        ->  Bitmap Index Scan on movies_year  (cost=0.00..1080.32 rows=98120 width=0) (actual time=3.035..3.036 rows=98341 loops=1)"
"                                                              Index Cond: (year <= 1950)"
"Planning Time: 2.040 ms"
"Execution Time: 4709.094 ms"
