"QUERY PLAN"
"Nested Loop  (cost=153.65..474.52 rows=38 width=19) (actual time=63.644..63.653 rows=1 loops=1)"
"  ->  Unique  (cost=153.23..153.42 rows=38 width=4) (actual time=0.204..0.212 rows=1 loops=1)"
"        ->  Sort  (cost=153.23..153.33 rows=38 width=4) (actual time=0.202..0.207 rows=2 loops=1)"
"              Sort Key: roles.movie_id"
"              Sort Method: quicksort  Memory: 25kB"
"              ->  Bitmap Heap Scan on roles  (cost=4.72..152.23 rows=38 width=4) (actual time=0.172..0.194 rows=2 loops=1)"
"                    Recheck Cond: ((role)::text = 'painter'::text)"
"                    Heap Blocks: exact=2"
"                    ->  Bitmap Index Scan on role  (cost=0.00..4.71 rows=38 width=0) (actual time=0.126..0.127 rows=2 loops=1)"
"                          Index Cond: ((role)::text = 'painter'::text)"
"  ->  Index Scan using movies_pkey on movies  (cost=0.42..8.44 rows=1 width=23) (actual time=63.433..63.433 rows=1 loops=1)"
"        Index Cond: (id = roles.movie_id)"
"Planning Time: 67.094 ms"
"Execution Time: 63.739 ms"
