"QUERY PLAN"
"Sort  (cost=837.39..837.55 rows=66 width=14) (actual time=19.995..20.005 rows=341 loops=1)"
"  Sort Key: dc.first_name, dc.last_name"
"  Sort Method: quicksort  Memory: 44kB"
"  ->  Nested Loop  (cost=326.23..835.39 rows=66 width=14) (actual time=16.733..18.470 rows=341 loops=1)"
"        ->  Unique  (cost=325.94..326.27 rows=66 width=4) (actual time=16.711..16.845 rows=341 loops=1)"
"              ->  Sort  (cost=325.94..326.11 rows=66 width=4) (actual time=16.710..16.747 rows=434 loops=1)"
"                    Sort Key: md.director_id"
"                    Sort Method: quicksort  Memory: 25kB"
"                    ->  Nested Loop  (cost=153.65..323.95 rows=66 width=4) (actual time=14.656..16.630 rows=434 loops=1)"
"                          ->  Unique  (cost=153.23..153.42 rows=38 width=4) (actual time=14.588..14.826 rows=409 loops=1)"
"                                ->  Sort  (cost=153.23..153.33 rows=38 width=4) (actual time=14.581..14.651 rows=936 loops=1)"
"                                      Sort Key: roles.movie_id"
"                                      Sort Method: quicksort  Memory: 25kB"
"                                      ->  Bitmap Heap Scan on roles  (cost=4.72..152.23 rows=38 width=4) (actual time=0.460..14.343 rows=936 loops=1)"
"                                            Recheck Cond: ((role)::text = 'Musician'::text)"
"                                            Heap Blocks: exact=759"
"                                            ->  Bitmap Index Scan on role  (cost=0.00..4.71 rows=38 width=0) (actual time=0.281..0.282 rows=936 loops=1)"
"                                                  Index Cond: ((role)::text = 'Musician'::text)"
"                          ->  Index Only Scan using movies_directors_pkey on movies_directors md  (cost=0.42..4.46 rows=2 width=8) (actual time=0.004..0.004 rows=1 loops=409)"
"                                Index Cond: (movie_id = roles.movie_id)"
"                                Heap Fetches: 0"
"        ->  Index Scan using directors_pkey on directors dc  (cost=0.29..7.70 rows=1 width=18) (actual time=0.004..0.004 rows=1 loops=341)"
"              Index Cond: (id = md.director_id)"
"Planning Time: 1.165 ms"
"Execution Time: 20.117 ms"
