"QUERY PLAN"
"Sort  (cost=39166.37..39166.39 rows=9 width=14) (actual time=196.415..213.159 rows=53 loops=1)"
"  Sort Key: ac.first_name, ac.last_name"
"  Sort Method: quicksort  Memory: 27kB"
"  ->  Nested Loop  (cost=39090.54..39166.23 rows=9 width=14) (actual time=195.728..212.954 rows=53 loops=1)"
"        ->  Unique  (cost=39090.11..39090.16 rows=9 width=4) (actual time=195.687..212.445 rows=53 loops=1)"
"              ->  Sort  (cost=39090.11..39090.13 rows=9 width=4) (actual time=195.686..212.434 rows=53 loops=1)"
"                    Sort Key: rc.actor_id"
"                    Sort Method: quicksort  Memory: 27kB"
"                    ->  Gather  (cost=1008.45..39089.97 rows=9 width=4) (actual time=16.747..212.374 rows=53 loops=1)"
"                          Workers Planned: 2"
"                          Workers Launched: 2"
"                          ->  Hash Join  (cost=8.45..38089.07 rows=4 width=4) (actual time=13.527..170.502 rows=18 loops=3)"
"                                Hash Cond: (rc.movie_id = movies.id)"
"                                ->  Parallel Seq Scan on roles rc  (cost=0.00..34326.86 rows=1429986 width=8) (actual time=0.292..92.176 rows=1143989 loops=3)"
"                                ->  Hash  (cost=8.44..8.44 rows=1 width=4) (actual time=0.064..0.065 rows=1 loops=3)"
"                                      Buckets: 1024  Batches: 1  Memory Usage: 9kB"
"                                      ->  Index Scan using movies_name on movies  (cost=0.42..8.44 rows=1 width=4) (actual time=0.057..0.057 rows=1 loops=3)"
"                                            Index Cond: ((name)::text = 'Rush Hour'::text)"
"        ->  Index Scan using actors_pkey on actors ac  (cost=0.42..8.44 rows=1 width=18) (actual time=0.009..0.009 rows=1 loops=53)"
"              Index Cond: (id = rc.actor_id)"
"Planning Time: 3.995 ms"
"Execution Time: 213.216 ms"
