"QUERY PLAN"
"Bitmap Heap Scan on actors  (cost=4.77..172.90 rows=45 width=18) (actual time=0.390..1.260 rows=752 loops=1)"
"  Recheck Cond: ((first_name)::text = 'Luis'::text)"
"  Heap Blocks: exact=564"
"  ->  Bitmap Index Scan on first_name  (cost=0.00..4.76 rows=45 width=0) (actual time=0.269..0.269 rows=752 loops=1)"
"        Index Cond: ((first_name)::text = 'Luis'::text)"
"Planning Time: 0.769 ms"
"Execution Time: 1.329 ms"
